15581:
3.5
15582:
3.7
4.2
3.7
3.7
3.4
4.5
3.7
3.8
3.5
3.7
4.2
3.7
3.8
4.4
3.6
4.0
4.0
4.2
3.5
3.6
4.5
3.6
3.8
4.2
3.7
3.8
3.6
3.6
4.3
3.2
3.3
3.4
3.8
3.7
3.7
4.5
3.3
3.4
3.6
3.7
3.8
4.0
3.6
3.5
4.1
3.7
3.8
3.2
3.7
3.7
3.7
4.0
4.2
3.4
3.8
3.7
3.6
3.5
3.7
4.3
3.7
3.8
3.7
3.6
3.3
3.7
3.4
3.7
3.8
4.2
3.4
3.8
3.7
4.3
3.7
3.8
3.5
3.8
3.4
3.9
3.3
4.2
3.6
4.2
4.5
3.0
3.6
3.8
3.5
3.4
3.8
3.3
3.8
3.7
3.7
3.9
3.8
3.7
4.3
4.1
3.1
3.9
4.0
4.1
3.7
4.3
3.4
3.7
3.9
3.6
3.7
3.6
3.9
3.6
3.8
4.7
4.3
3.7
3.8
4.3
3.5
4.2
3.7
3.6
3.7
3.6
3.9
3.4
3.8
3.4
3.8
3.7
3.6
3.3
3.9
3.3
3.7
3.6
0.9028731118574237
